2020-07-22 18:36:09 - root - INFO - Connection with MYSQL ready
2020-07-22 18:36:09 - root - INFO - Database was created successfully
2020-07-22 18:36:18 - root - INFO - Tables were created successfully
2020-07-22 18:36:57 - root - INFO - Browser connect to URL
2020-07-22 18:36:58 - root - INFO - Search for job title
2020-07-22 18:36:58 - root - INFO - Search for job location
2020-07-22 18:37:07 - root - ERROR - No popup to close
Traceback (most recent call last):
  File "/Users/Sheryl/PycharmProjects/Itc_data_mining/scraper.py", line 29, in close_popup
    pop_up = self.browser.find_element_by_xpath(self.config['Path']['POP_UP_XPATH'])
  File "/Users/Sheryl/PycharmProjects/Itc_data_mining/data_mining/lib/python3.6/site-packages/selenium/webdriver/remote/webdriver.py", line 394, in find_element_by_xpath
    return self.find_element(by=By.XPATH, value=xpath)
  File "/Users/Sheryl/PycharmProjects/Itc_data_mining/data_mining/lib/python3.6/site-packages/selenium/webdriver/remote/webdriver.py", line 978, in find_element
    'value': value})['value']
  File "/Users/Sheryl/PycharmProjects/Itc_data_mining/data_mining/lib/python3.6/site-packages/selenium/webdriver/remote/webdriver.py", line 321, in execute
    self.error_handler.check_response(response)
  File "/Users/Sheryl/PycharmProjects/Itc_data_mining/data_mining/lib/python3.6/site-packages/selenium/webdriver/remote/errorhandler.py", line 242, in check_response
    raise exception_class(message, screen, stacktrace)
selenium.common.exceptions.NoSuchElementException: Message: Unable to locate element: //div[contains(@class,'modal_main')]//span[@class='SVGInline modal_closeIcon']

2020-07-22 18:37:52 - root - INFO - Browser connect to new URL
2020-07-22 18:38:08 - root - ERROR - No popup to close
Traceback (most recent call last):
  File "/Users/Sheryl/PycharmProjects/Itc_data_mining/scraper.py", line 29, in close_popup
    pop_up = self.browser.find_element_by_xpath(self.config['Path']['POP_UP_XPATH'])
  File "/Users/Sheryl/PycharmProjects/Itc_data_mining/data_mining/lib/python3.6/site-packages/selenium/webdriver/remote/webdriver.py", line 394, in find_element_by_xpath
    return self.find_element(by=By.XPATH, value=xpath)
  File "/Users/Sheryl/PycharmProjects/Itc_data_mining/data_mining/lib/python3.6/site-packages/selenium/webdriver/remote/webdriver.py", line 978, in find_element
    'value': value})['value']
  File "/Users/Sheryl/PycharmProjects/Itc_data_mining/data_mining/lib/python3.6/site-packages/selenium/webdriver/remote/webdriver.py", line 321, in execute
    self.error_handler.check_response(response)
  File "/Users/Sheryl/PycharmProjects/Itc_data_mining/data_mining/lib/python3.6/site-packages/selenium/webdriver/remote/errorhandler.py", line 242, in check_response
    raise exception_class(message, screen, stacktrace)
selenium.common.exceptions.NoSuchElementException: Message: Unable to locate element: //div[contains(@class,'modal_main')]//span[@class='SVGInline modal_closeIcon']

2020-07-22 18:38:08 - root - INFO - Succeed to catch number of available pages
2020-07-22 18:38:19 - root - INFO - Succeed to close popup'
2020-07-22 18:38:19 - root - INFO - Start to collect all data from page
2020-07-22 18:38:52 - root - INFO - Insert company to DB successfully
2020-07-22 18:38:52 - root - INFO - Get information from DB
2020-07-22 18:38:52 - root - INFO - Insert competitors to DB successfully
2020-07-22 18:38:52 - root - INFO - Get information from DB
2020-07-22 18:38:52 - root - INFO - Insert competitors to DB successfully
2020-07-22 18:38:52 - root - INFO - Get information from DB
2020-07-22 18:38:52 - root - INFO - Insert competitors to DB successfully
2020-07-22 18:38:52 - root - INFO - Insert job to DB successfully
